make all --print-data-base --no-builtin-variables --no-builtin-rules --question
# GNU Make 3.81
# Copyright (C) 2006  Free Software Foundation, Inc.
# This is free software; see the source for copying conditions.
# There is NO warranty; not even for MERCHANTABILITY or FITNESS FOR A
# PARTICULAR PURPOSE.

# This program built for i386-apple-darwin11.3.0

# Make data base, printed on Mon Jun 27 13:59:21 2022

# Variables

# automatic
<D = $(patsubst %/,%,$(dir $<))
# automatic
?F = $(notdir $?)
# environment
ELECTRON_NO_ATTACH_CONSOLE = 1
# environment
VSCODE_LOG_NATIVE = false
# environment
NVM_INC = /Users/andreasbigger/.nvm/versions/node/v16.15.0/include/node
# automatic
?D = $(patsubst %/,%,$(dir $?))
# automatic
@D = $(patsubst %/,%,$(dir $@))
# automatic
@F = $(notdir $@)
# makefile
CURDIR := /Users/andreasbigger/projects/huff/huff-project-template
# makefile
SHELL = /bin/sh
# environment
VSCODE_NLS_CONFIG = {"locale":"en-us","availableLanguages":{},"_languagePackSupport":true}
# environment
_ = /usr/bin/make
# makefile (from `Makefile', line 1)
MAKEFILE_LIST :=  Makefile
# environment
WARP_IS_LOCAL_SHELL_SESSION = 1
# environment
VSCODE_VERBOSE_LOGGING = true
# environment
__CFBundleIdentifier = com.microsoft.VSCode
# environment
INFOPATH = /opt/homebrew/share/info:
# environment
VSCODE_IPC_HOOK_EXTHOST = /var/folders/kn/4p9f93354419mn8j_y7b955m0000gn/T/vscode-ipc-5b21dd8b-bbe0-4779-9aec-37ab0abc1375.sock
# environment
VSCODE_CWD = /Users/andreasbigger/projects/huff/huff-project-template
# environment
WARP_USE_SSH_WRAPPER = 1
# environment
PATH = /usr/local/opt/openssl@3/bin:/Users/andreasbigger/.nvm/versions/node/v16.15.0/bin:/Users/andreasbigger/.local/share/solana/install/active_release/bin:/Users/andreasbigger/.nix-profile/bin:/nix/var/nix/profiles/default/bin:/opt/homebrew/bin:/opt/homebrew/sbin:/usr/local/bin:/usr/bin:/bin:/usr/sbin:/sbin:/usr/local/go/bin:/Applications/Postgres.app/Contents/Versions/latest/bin:/Users/andreasbigger/.cargo/bin:/Users/andreasbigger/ch-darwin-arm64:/Users/andreasbigger/ch-darwin-arm64:/Users/andreasbigger/.foundry/bin:/Users/andreasbigger/.huff/bin:/Users/andreasbigger/.huff/bin:/Users/andreasbigger/.huff/bin:/Users/andreasbigger/.fzf/bin
# environment
LSCOLORS = Gxfxcxdxbxegedabagacad
# environment
ALACRITTY_LOG = /var/folders/kn/4p9f93354419mn8j_y7b955m0000gn/T/Alacritty-31130.log
# environment
NVM_BIN = /Users/andreasbigger/.nvm/versions/node/v16.15.0/bin
# environment
LaunchInstanceID = 381D3582-72B9-4E59-99B1-535C92F983C0
# environment
VSCODE_LOG_STACK = false
# environment
ELECTRON_RUN_AS_NODE = 1
# default
.FEATURES := target-specific order-only second-expansion else-if archives jobserver check-symlink
# environment
SSH_AUTH_SOCK = /private/tmp/com.apple.launchd.la55dCGXad/Listeners
# automatic
%F = $(notdir $%)
# environment
NIX_SSL_CERT_FILE = /nix/var/nix/profiles/default/etc/ssl/certs/ca-bundle.crt
# environment
VSCODE_PIPE_LOGGING = true
# environment
PWD = /Users/andreasbigger/projects/huff/huff-project-template
# environment
WARP_PS1 = %(?:%{[01;32m%}➜ :%{[01;31m%}➜ ) %{$fg[cyan]%}%c%{$reset_color%} $(git_prompt_info)
# environment
HOMEBREW_CELLAR = /opt/homebrew/Cellar
# environment
ORIGINAL_XDG_CURRENT_DESKTOP = undefined
# environment
MANPATH = /Users/andreasbigger/.nvm/versions/node/v16.15.0/share/man:/opt/homebrew/share/man::
# environment
VSCODE_AMD_ENTRYPOINT = vs/workbench/api/node/extensionHostProcess
# environment
HOME = /Users/andreasbigger
# default
MAKEFILEPATH = $(shell /usr/bin/xcode-select -print-path 2>/dev/null || echo /Developer)/Makefiles
# environment
VSCODE_CLI = 1
# environment
VSCODE_CODE_CACHE_PATH = /Users/andreasbigger/Library/Application Support/Code/CachedData/30d9c6cd9483b2cc586687151bcbcd635f373630
# environment
LOGNAME = andreasbigger
# environment
APPLICATION_INSIGHTS_NO_DIAGNOSTIC_CHANNEL = 1
# environment
NVM_CD_FLAGS = -q
# environment
ZSH = /Users/andreasbigger/.oh-my-zsh
# environment
VSCODE_HANDLES_UNCAUGHT_ERRORS = true
# automatic
^D = $(patsubst %/,%,$(dir $^))
# environment
XPC_FLAGS = 0x0
# environment
COLORTERM = truecolor
# default
MAKE = $(MAKE_COMMAND)
# default
MAKECMDGOALS := all
# environment
SHLVL = 3
# environment
NIX_PROFILES = /nix/var/nix/profiles/default /Users/andreasbigger/.nix-profile
# default
MAKE_VERSION := 3.81
# environment
 
USER = andreasbigger
# makefile
.DEFAULT_GOAL := all
# environment
LESS = -R
# automatic
%D = $(patsubst %/,%,$(dir $%))
# default
MAKE_COMMAND := /Library/Developer/CommandLineTools/usr/bin/make
# environment
TERM_PROGRAM = WarpTerminal
# default
.VARIABLES := 
# environment
TMPDIR = /var/folders/kn/4p9f93354419mn8j_y7b955m0000gn/T/
# automatic
*F = $(notdir $*)
# environment
VSCODE_IPC_HOOK = /Users/andreasbigger/Library/Application Support/Code/1.68.1-main.sock
# makefile
MAKEFLAGS = Rrqp
# environment
MFLAGS = -Rrqp
# automatic
*D = $(patsubst %/,%,$(dir $*))
# environment
TERM_PROGRAM_VERSION = v0.2022.06.06.09.05.stable_01
# environment
NVM_DIR = /Users/andreasbigger/.nvm
# environment
XPC_SERVICE_NAME = application.com.microsoft.VSCode.51054688.51054694.695DF0C7-0EDB-4325-AC24-9E10DCCB66F0
# environment
HOMEBREW_PREFIX = /opt/homebrew
# automatic
+D = $(patsubst %/,%,$(dir $+))
# automatic
+F = $(notdir $+)
# environment
HOMEBREW_REPOSITORY = /opt/homebrew
# environment
__CF_USER_TEXT_ENCODING = 0x1F5:0:0
# environment
COMMAND_MODE = unix2003
# default
MAKEFILES := 
# automatic
<F = $(notdir $<)
# environment
PAGER = less
# environment
LC_ALL = C
# environment
CONDA_CHANGEPS1 = false
# environment
SECURITYSESSIONID = 186b5
# automatic
^F = $(notdir $^)
# default
SUFFIXES := 
# default
.INCLUDE_DIRS = /usr/local/include
# environment
MAKELEVEL := 0
# environment
LANG = C
# environment
TERM = xterm-256color
# environment
VSCODE_PID = 61048
# variable set hash-table stats:
# Load=90/1024=9%, Rehash=0, Collisions=1/116=1%

# Pattern-specific Variable Values

# No pattern-specific variable values.

# Directories

# . (device 16777232, inode 51318027): 19 files, no impossibilities.

# 19 files, no impossibilities in 1 directories.

# Implicit Rules

# No implicit rules.

# Files

all: compiler install update
#  Command-line target.
#  Implicit rule search has been done.
#  File does not exist.
#  File has been updated.
#  Needs to be updated (-q is set).
# variable set hash-table stats:
# Load=0/32=0%, Rehash=0, Collisions=0/2=0%

# Not a target:
.SUFFIXES:
#  Implicit rule search has not been done.
#  Modification time never checked.
#  File has not been updated.

# Not a target:
Makefile:
#  Implicit rule search has been done.
#  Last modified 2022-06-27 13:58:57
#  File has been updated.
#  Successfully updated.
# variable set hash-table stats:
# Load=0/32=0%, Rehash=0, Collisions=0/0=0%

update:
#  Implicit rule search has not been done.
#  Modification time never checked.
#  File has not been updated.
#  commands to execute (from `Makefile', line 4):
	forge update
	

# Not a target:
.DEFAULT:
#  Implicit rule search has not been done.
#  Modification time never checked.
#  File has not been updated.

compiler:
#  Implicit rule search has not been done.
#  Implicit/static pattern stem: `'
#  File does not exist.
#  File has been updated.
#  Needs to be updated (-q is set).
# automatic
# @ := compiler
# automatic
# % := 
# automatic
# * := 
# automatic
# + := 
# automatic
# | := 
# automatic
# < := 
# automatic
# ^ := 
# automatic
# ? := 
# variable set hash-table stats:
# Load=8/32=25%, Rehash=0, Collisions=1/10=10%
#  commands to execute (from `Makefile', line 2):
	curl -L get.huff.sh | bash
	

install:
#  Implicit rule search has not been done.
#  Modification time never checked.
#  File has not been updated.
#  commands to execute (from `Makefile', line 3):
	forge install
	

# files hash-table stats:
# Load=7/1024=1%, Rehash=0, Collisions=0/24=0%
# VPATH Search Paths

# No `vpath' search paths.

# No general (`VPATH' variable) search path.

# # of strings in strcache: 1
# # of strcache buffers: 1
# strcache size: total = 4096 / max = 4096 / min = 4096 / avg = 4096
# strcache free: total = 4087 / max = 4087 / min = 4087 / avg = 4087

# Finished Make data base on Mon Jun 27 13:59:21 2022

 
